<?xml version="1.0" encoding="UTF-8"?>
<testsuite xmlns:xsi="http://www.w3.org/2001/XMLSchema-instance" xsi:noNamespaceSchemaLocation="https://maven.apache.org/surefire/maven-surefire-plugin/xsd/surefire-test-report.xsd" name="com.mallu.AppTest" time="0.048" tests="1" errors="0" skipped="0" failures="0">
  <properties>
    <property name="java.specification.version" value="17"/>
    <property name="sun.cpu.isalist" value="amd64"/>
    <property name="sun.jnu.encoding" value="Cp1252"/>
    <property name="java.class.path" value="C:\Users\malab\webappmallu\target\test-classes;C:\Users\malab\webappmallu\target\classes;C:\Users\malab\.m2\repository\junit\junit\4.11\junit-4.11.jar;C:\Users\malab\.m2\repository\org\hamcrest\hamcrest-core\1.3\hamcrest-core-1.3.jar;C:\Users\malab\.m2\repository\org\webjars\npm\vue3-google-map\0.15.0\vue3-google-map-0.15.0.jar;C:\Users\malab\.m2\repository\org\webjars\npm\googlemaps__js-api-loader\1.16.2\googlemaps__js-api-loader-1.16.2.jar;C:\Users\malab\.m2\repository\org\webjars\npm\googlemaps__markerclusterer\2.0.15\googlemaps__markerclusterer-2.0.15.jar;C:\Users\malab\.m2\repository\org\webjars\npm\supercluster\7.1.5\supercluster-7.1.5.jar;C:\Users\malab\.m2\repository\org\webjars\npm\kdbush\3.0.0\kdbush-3.0.0.jar;C:\Users\malab\.m2\repository\org\webjars\npm\fast-deep-equal\3.1.3\fast-deep-equal-3.1.3.jar;"/>
    <property name="java.vm.vendor" value="Oracle Corporation"/>
    <property name="sun.arch.data.model" value="64"/>
    <property name="user.variant" value=""/>
    <property name="java.vendor.url" value="https://java.oracle.com/"/>
    <property name="user.timezone" value="Asia/Calcutta"/>
    <property name="os.name" value="Windows 11"/>
    <property name="java.vm.specification.version" value="17"/>
    <property name="sun.java.launcher" value="SUN_STANDARD"/>
    <property name="user.country" value="IN"/>
    <property name="sun.boot.library.path" value="C:\Program Files\Java\jdk-17\bin"/>
    <property name="sun.java.command" value="C:\Users\malab\AppData\Local\Temp\surefire6876788659062759948\surefirebooter14458271363360379385.jar C:\Users\malab\AppData\Local\Temp\surefire6876788659062759948 2024-03-28T12-47-31_419-jvmRun1 surefire11823808597579456187tmp surefire_05587285950277603972tmp"/>
    <property name="jdk.debug" value="release"/>
    <property name="surefire.test.class.path" value="C:\Users\malab\webappmallu\target\test-classes;C:\Users\malab\webappmallu\target\classes;C:\Users\malab\.m2\repository\junit\junit\4.11\junit-4.11.jar;C:\Users\malab\.m2\repository\org\hamcrest\hamcrest-core\1.3\hamcrest-core-1.3.jar;C:\Users\malab\.m2\repository\org\webjars\npm\vue3-google-map\0.15.0\vue3-google-map-0.15.0.jar;C:\Users\malab\.m2\repository\org\webjars\npm\googlemaps__js-api-loader\1.16.2\googlemaps__js-api-loader-1.16.2.jar;C:\Users\malab\.m2\repository\org\webjars\npm\googlemaps__markerclusterer\2.0.15\googlemaps__markerclusterer-2.0.15.jar;C:\Users\malab\.m2\repository\org\webjars\npm\supercluster\7.1.5\supercluster-7.1.5.jar;C:\Users\malab\.m2\repository\org\webjars\npm\kdbush\3.0.0\kdbush-3.0.0.jar;C:\Users\malab\.m2\repository\org\webjars\npm\fast-deep-equal\3.1.3\fast-deep-equal-3.1.3.jar;"/>
    <property name="sun.cpu.endian" value="little"/>
    <property name="user.home" value="C:\Users\malab"/>
    <property name="user.language" value="en"/>
    <property name="java.specification.vendor" value="Oracle Corporation"/>
    <property name="java.version.date" value="2024-01-16"/>
    <property name="java.home" value="C:\Program Files\Java\jdk-17"/>
    <property name="file.separator" value="\"/>
    <property name="basedir" value="C:\Users\malab\webappmallu"/>
    <property name="java.vm.compressedOopsMode" value="32-bit"/>
    <property name="line.separator" value="&#10;"/>
    <property name="java.vm.specification.vendor" value="Oracle Corporation"/>
    <property name="java.specification.name" value="Java Platform API Specification"/>
    <property name="surefire.real.class.path" value="C:\Users\malab\AppData\Local\Temp\surefire6876788659062759948\surefirebooter14458271363360379385.jar"/>
    <property name="user.script" value=""/>
    <property name="sun.management.compiler" value="HotSpot 64-Bit Tiered Compilers"/>
    <property name="java.runtime.version" value="17.0.10+11-LTS-240"/>
    <property name="user.name" value="malab"/>
    <property name="path.separator" value=";"/>
    <property name="os.version" value="10.0"/>
    <property name="java.runtime.name" value="Java(TM) SE Runtime Environment"/>
    <property name="file.encoding" value="Cp1252"/>
    <property name="java.vm.name" value="Java HotSpot(TM) 64-Bit Server VM"/>
    <property name="localRepository" value="C:\Users\malab\.m2\repository"/>
    <property name="java.vendor.url.bug" value="https://bugreport.java.com/bugreport/"/>
    <property name="java.io.tmpdir" value="C:\Users\malab\AppData\Local\Temp\"/>
    <property name="java.version" value="17.0.10"/>
    <property name="user.dir" value="C:\Users\malab\webappmallu"/>
    <property name="os.arch" value="amd64"/>
    <property name="java.vm.specification.name" value="Java Virtual Machine Specification"/>
    <property name="sun.os.patch.level" value=""/>
    <property name="native.encoding" value="Cp1252"/>
    <property name="java.library.path" value="C:\Program Files\Java\jdk-17\bin;C:\WINDOWS\Sun\Java\bin;C:\WINDOWS\system32;C:\WINDOWS;C:\Program Files (x86)\Common Files\Oracle\Java\javapath;C:\Program Files\Common Files\Oracle\Java\javapath;C:\Users\malab\Downloads\apache-maven-3.9.6-bin (1)\apache-maven-3.9.6;C:\Program Files\Eclipse Adoptium\jdk-8.0.345.1-hotspot\bin;C:\Windows\system32;C:\Windows;C:\Windows\System32\Wbem;C:\Windows\System32\WindowsPowerShell\v1.0\;C:\Windows\System32\OpenSSH\;C:\Program Files (x86)\NVIDIA Corporation\PhysX\Common;C:\Program Files\Java\jdk1.8.0_202\bin;C:\WINDOWS\system32;C:\WINDOWS;C:\WINDOWS\System32\Wbem;C:\WINDOWS\System32\WindowsPowerShell\v1.0\;C:\WINDOWS\System32\OpenSSH\;C:\Users\malab\Downloads\apache-maven-3.9.6-bin.zip\apache-maven-3.9.6\bin;C:\Program Files\Java\jdk1.8.0_202\bin;C:\Users\malab\Downloads\apache-maven-3.9.6-bin\apache-maven-3.9.6\bin;C:\Program Files\Java\jdk1.8.0_202\bin;C:\Users\malab\Downloads\apache-maven-3.9.6-bin\apache-maven-3.9.6\bin;C:\Program Files\Java\jdk1.8.0_202\bin;C:\Users\malab\Downloads\apache-maven-3.9.6-bin (1)\apache-maven-3.9.6\bin;C:\Users\malab\Downloads\apache-maven-3.9.6-bin (1).zip\apache-maven-3.9.6\bin;C:\Program Files\Git\cmd;C:\Users\malab\AppData\Local\Programs\Python\Python312\DLLs;C:\Users\malab\Downloads\apache-maven-3.9.6-bin\apache-maven-3.9.6\bin;C:\Users\malab\AppData\Local\Programs\Python\Python312\DLLs;C:\Users\malab\Downloads\apache-maven-3.9.6-bin.zip\apache-maven-3.9.6\bin;C:\Program Files\Java\jdk1.8.0_202\bin;C:\Users\malab\Downloads\apache-maven-3.9.6-bin.zip\apache-maven-3.9.6\bin;C:\Program Files\Apache Software Foundation\Tomcat 10.1_Tomcat10.2\bin;C:\Program Files\Java\jdk1.8.0_202\bin;C:\Users\malab\Downloads\apache-maven-3.9.6-bin.zip\apache-maven-3.9.6\bin;C:\Program Files\Java\jre1.8.0_202\bin;C:\Program Files\Apache Software Foundation\Tomcat 10.1_Tomcat10.2\bin;C:\Program Files\Apache Software Foundation\Tomcat 11.0\bin;C:\Program Files\Java\jdk1.8.0_202\bin;C:\Program Files\Java\jdk-21\bin;C:\Users\malab\Downloads\apache-maven-3.9.6-bin\apache-maven-3.9.6\bin;C:\Users\malab\AppData\Local\Programs\Python\Python312\Scripts\;C:\Users\malab\AppData\Local\Programs\Python\Python312\;C:\Users\malab\AppData\Local\Programs\Python\Python310\Scripts\;C:\Users\malab\AppData\Local\Programs\Python\Python310\;C:\Users\malab\AppData\Local\Programs\Python\Python38\Scripts\;C:\Users\malab\AppData\Local\Programs\Python\Python38\;C:\Users\malab\AppData\Local\Microsoft\WindowsApps;;C:\Users\malab\AppData\Local\Programs\Microsoft VS Code\bin;."/>
    <property name="java.vm.info" value="mixed mode, sharing"/>
    <property name="java.vendor" value="Oracle Corporation"/>
    <property name="java.vm.version" value="17.0.10+11-LTS-240"/>
    <property name="sun.io.unicode.encoding" value="UnicodeLittle"/>
    <property name="java.class.version" value="61.0"/>
  </properties>
  <testcase name="shouldAnswerWithTrue" classname="com.mallu.AppTest" time="0"/>
</testsuite>